\BOOKMARK [0][-]{chapter.1}{Introduzione}{}% 1
\BOOKMARK [0][-]{chapter.2}{Studio del dominio}{}% 2
\BOOKMARK [1][-]{section.2.1}{Intersezioni}{chapter.2}% 3
\BOOKMARK [1][-]{section.2.2}{Segnali}{chapter.2}% 4
\BOOKMARK [1][-]{section.2.3}{Veicoli}{chapter.2}% 5
\BOOKMARK [2][-]{subsection.2.3.1}{Classificazione dei veicoli secondo il CdS}{section.2.3}% 6
\BOOKMARK [2][-]{subsection.2.3.2}{Classificazione internazionale dei veicoli}{section.2.3}% 7
\BOOKMARK [1][-]{section.2.4}{Precedenza}{chapter.2}% 8
\BOOKMARK [0][-]{chapter.3}{Analisi}{}% 9
\BOOKMARK [1][-]{section.3.1}{Raccolta dei requisiti}{chapter.3}% 10
\BOOKMARK [1][-]{section.3.2}{Vincoli}{chapter.3}% 11
\BOOKMARK [1][-]{section.3.3}{Analisi dei requisiti}{chapter.3}% 12
\BOOKMARK [1][-]{section.3.4}{Glossario}{chapter.3}% 13
\BOOKMARK [0][-]{chapter.4}{Progettazione}{}% 14
\BOOKMARK [1][-]{section.4.1}{Strategia}{chapter.4}% 15
\BOOKMARK [1][-]{section.4.2}{Concettualizzazione}{chapter.4}% 16
\BOOKMARK [2][-]{subsection.4.2.1}{Incroci}{section.4.2}% 17
\BOOKMARK [2][-]{subsection.4.2.2}{Precedenze}{section.4.2}% 18
\BOOKMARK [2][-]{subsection.4.2.3}{Circolazione}{section.4.2}% 19
\BOOKMARK [0][-]{chapter.5}{Implementazione}{}% 20
\BOOKMARK [1][-]{section.5.1}{Struttura}{chapter.5}% 21
\BOOKMARK [1][-]{section.5.2}{Utenti}{chapter.5}% 22
\BOOKMARK [2][-]{subsection.5.2.1}{Utente normale}{section.5.2}% 23
\BOOKMARK [2][-]{subsection.5.2.2}{Utente amministratore}{section.5.2}% 24
\BOOKMARK [1][-]{section.5.3}{Topologia}{chapter.5}% 25
\BOOKMARK [2][-]{subsection.5.3.1}{Destra}{section.5.3}% 26
\BOOKMARK [2][-]{subsection.5.3.2}{Adiacenza}{section.5.3}% 27
\BOOKMARK [2][-]{subsection.5.3.3}{Opposti}{section.5.3}% 28
\BOOKMARK [2][-]{subsection.5.3.4}{Posizioni}{section.5.3}% 29
\BOOKMARK [1][-]{section.5.4}{Accesso alla base di conoscenza}{chapter.5}% 30
\BOOKMARK [1][-]{section.5.5}{Miglioramento dell'interazione}{chapter.5}% 31
\BOOKMARK [2][-]{subsection.5.5.1}{Componenti}{section.5.5}% 32
\BOOKMARK [2][-]{subsection.5.5.2}{Bridge Java-Prolog}{section.5.5}% 33
\BOOKMARK [0][-]{chapter.6}{Test}{}% 34
\BOOKMARK [0][-]{chapter.7}{Conclusioni}{}% 35
