\BOOKMARK [0][-]{chapter.1}{Introduzione}{}% 1
\BOOKMARK [0][-]{chapter.2}{Studio del dominio}{}% 2
\BOOKMARK [1][-]{section.2.1}{Intersezioni}{chapter.2}% 3
\BOOKMARK [1][-]{section.2.2}{Segnali}{chapter.2}% 4
\BOOKMARK [1][-]{section.2.3}{Veicoli}{chapter.2}% 5
\BOOKMARK [2][-]{subsection.2.3.1}{Classificazione dei veicoli secondo il CdS}{section.2.3}% 6
\BOOKMARK [2][-]{subsection.2.3.2}{Classificazione internazionale dei veicoli}{section.2.3}% 7
\BOOKMARK [1][-]{section.2.4}{Precedenza}{chapter.2}% 8
\BOOKMARK [0][-]{chapter.3}{Analisi}{}% 9
\BOOKMARK [1][-]{section.3.1}{Raccolta dei requisiti}{chapter.3}% 10
\BOOKMARK [1][-]{section.3.2}{Vincoli}{chapter.3}% 11
\BOOKMARK [1][-]{section.3.3}{Analisi dei requisiti}{chapter.3}% 12
\BOOKMARK [1][-]{section.3.4}{Glossario}{chapter.3}% 13
\BOOKMARK [0][-]{chapter.4}{Progettazione}{}% 14
\BOOKMARK [1][-]{section.4.1}{Strategia}{chapter.4}% 15
\BOOKMARK [1][-]{section.4.2}{Concettualizzazione}{chapter.4}% 16
\BOOKMARK [2][-]{subsection.4.2.1}{Incroci}{section.4.2}% 17
\BOOKMARK [2][-]{subsection.4.2.2}{Precedenze}{section.4.2}% 18
\BOOKMARK [2][-]{subsection.4.2.3}{Circolazione}{section.4.2}% 19
\BOOKMARK [0][-]{chapter.5}{Implementazione}{}% 20
\BOOKMARK [1][-]{section.5.1}{Struttura}{chapter.5}% 21
\BOOKMARK [2][-]{subsection.5.1.1}{Diagrammi}{section.5.1}% 22
\BOOKMARK [1][-]{section.5.2}{Ordine dei veicoli}{chapter.5}% 23
\BOOKMARK [2][-]{subsection.5.2.1}{Precedenza}{section.5.2}% 24
\BOOKMARK [2][-]{subsection.5.2.2}{Circolazione}{section.5.2}% 25
\BOOKMARK [2][-]{subsection.5.2.3}{Sorting}{section.5.2}% 26
\BOOKMARK [2][-]{subsection.5.2.4}{Stallo}{section.5.2}% 27
\BOOKMARK [2][-]{subsection.5.2.5}{Veicoli simultanei}{section.5.2}% 28
\BOOKMARK [1][-]{section.5.3}{Utenti}{chapter.5}% 29
\BOOKMARK [2][-]{subsection.5.3.1}{Utente normale}{section.5.3}% 30
\BOOKMARK [2][-]{subsection.5.3.2}{Utente amministratore}{section.5.3}% 31
\BOOKMARK [1][-]{section.5.4}{Topologia}{chapter.5}% 32
\BOOKMARK [2][-]{subsection.5.4.1}{Destra}{section.5.4}% 33
\BOOKMARK [2][-]{subsection.5.4.2}{Adiacenza}{section.5.4}% 34
\BOOKMARK [2][-]{subsection.5.4.3}{Opposti}{section.5.4}% 35
\BOOKMARK [2][-]{subsection.5.4.4}{Movimento}{section.5.4}% 36
\BOOKMARK [1][-]{section.5.5}{Analisi dei veicoli}{chapter.5}% 37
\BOOKMARK [1][-]{section.5.6}{Accesso alla base di conoscenza}{chapter.5}% 38
\BOOKMARK [1][-]{section.5.7}{Miglioramento dell'interazione}{chapter.5}% 39
\BOOKMARK [2][-]{subsection.5.7.1}{Componenti}{section.5.7}% 40
\BOOKMARK [2][-]{subsection.5.7.2}{Bridge Java-Prolog}{section.5.7}% 41
\BOOKMARK [0][-]{chapter.6}{Test}{}% 42
\BOOKMARK [0][-]{chapter.7}{Conclusioni}{}% 43
\BOOKMARK [0][-]{appendix.Alph1}{Lista degli incroci}{}% 44
